c:\users\valdes\desktop\parsechoices\parsefiles\project\finalparser\finalparser\release\vc140.pdb
c:\users\valdes\desktop\parsechoices\parsefiles\project\finalparser\finalparser\release\.netframework,version=v4.5.2.assemblyattributes.obj
c:\users\valdes\desktop\parsechoices\parsefiles\project\finalparser\finalparser\release\.netframework,version=v4.5.2.assemblyattributes.asm
c:\users\valdes\desktop\parsechoices\parsefiles\project\finalparser\finalparser\release\finalparser.pch
c:\users\valdes\desktop\parsechoices\parsefiles\project\finalparser\finalparser\release\stdafx.obj
c:\users\valdes\desktop\parsechoices\parsefiles\project\finalparser\finalparser\release\parsersource.obj
c:\users\valdes\desktop\parsechoices\parsefiles\project\finalparser\finalparser\release\parsergui.obj
c:\users\valdes\desktop\parsechoices\parsefiles\project\finalparser\finalparser\release\finalparser.obj
c:\users\valdes\desktop\parsechoices\parsefiles\project\finalparser\finalparser\release\assemblyinfo.obj
c:\users\valdes\desktop\parsechoices\parsefiles\project\finalparser\finalparser\release\finalparser.parsergui.resources
c:\users\valdes\desktop\parsechoices\parsefiles\project\finalparser\release\finalparser.exe
c:\users\valdes\desktop\parsechoices\parsefiles\project\finalparser\release\finalparser.pdb
c:\users\valdes\desktop\parsechoices\parsefiles\project\finalparser\finalparser\release\app.res
c:\users\valdes\desktop\parsechoices\parsefiles\project\finalparser\finalparser\release\finalparser.vcxproj.generateresource.cache
c:\users\valdes\desktop\parsechoices\parsefiles\project\finalparser\finalparser\release\finalparser.vcxprojresolveassemblyreference.cache
c:\users\valdes\desktop\parsechoices\parsefiles\project\finalparser\finalparser\release\finalparser.tlog\cl.command.1.tlog
c:\users\valdes\desktop\parsechoices\parsefiles\project\finalparser\finalparser\release\finalparser.tlog\cl.read.1.tlog
c:\users\valdes\desktop\parsechoices\parsefiles\project\finalparser\finalparser\release\finalparser.tlog\cl.write.1.tlog
c:\users\valdes\desktop\parsechoices\parsefiles\project\finalparser\finalparser\release\finalparser.tlog\finalparser.write.1u.tlog
c:\users\valdes\desktop\parsechoices\parsefiles\project\finalparser\finalparser\release\finalparser.tlog\link.command.1.tlog
c:\users\valdes\desktop\parsechoices\parsefiles\project\finalparser\finalparser\release\finalparser.tlog\link.read.1.tlog
c:\users\valdes\desktop\parsechoices\parsefiles\project\finalparser\finalparser\release\finalparser.tlog\link.write.1.tlog
c:\users\valdes\desktop\parsechoices\parsefiles\project\finalparser\finalparser\release\finalparser.tlog\metagen.read.1.tlog
c:\users\valdes\desktop\parsechoices\parsefiles\project\finalparser\finalparser\release\finalparser.tlog\metagen.write.1.tlog
c:\users\valdes\desktop\parsechoices\parsefiles\project\finalparser\finalparser\release\finalparser.tlog\rc.command.1.tlog
c:\users\valdes\desktop\parsechoices\parsefiles\project\finalparser\finalparser\release\finalparser.tlog\rc.read.1.tlog
c:\users\valdes\desktop\parsechoices\parsefiles\project\finalparser\finalparser\release\finalparser.tlog\rc.write.1.tlog
c:\users\valdes\desktop\parsechoices\parsefiles\project\finalparser\finalparser\release\finalparser.tlog\tzres.dll.bi
