c:\users\valdes\desktop\parsechoices\parsefiles\project\finalparser\finalparser\debug\vc140.pdb
c:\users\valdes\desktop\parsechoices\parsefiles\project\finalparser\finalparser\debug\.netframework,version=v4.5.2.assemblyattributes.obj
c:\users\valdes\desktop\parsechoices\parsefiles\project\finalparser\finalparser\debug\.netframework,version=v4.5.2.assemblyattributes.asm
c:\users\valdes\desktop\parsechoices\parsefiles\project\finalparser\finalparser\debug\finalparser.pch
c:\users\valdes\desktop\parsechoices\parsefiles\project\finalparser\finalparser\debug\stdafx.obj
c:\users\valdes\desktop\parsechoices\parsefiles\project\finalparser\finalparser\debug\parsersource.obj
c:\users\valdes\desktop\parsechoices\parsefiles\project\finalparser\finalparser\debug\parsergui.obj
c:\users\valdes\desktop\parsechoices\parsefiles\project\finalparser\finalparser\debug\finalparser.obj
c:\users\valdes\desktop\parsechoices\parsefiles\project\finalparser\finalparser\debug\assemblyinfo.obj
c:\users\valdes\desktop\parsechoices\parsefiles\project\finalparser\finalparser\debug\finalparser.parsergui.resources
c:\users\valdes\desktop\parsechoices\parsefiles\project\finalparser\debug\finalparser.exe
c:\users\valdes\desktop\parsechoices\parsefiles\project\finalparser\debug\finalparser.pdb
c:\users\valdes\desktop\parsechoices\parsefiles\project\finalparser\finalparser\debug\app.res
c:\users\valdes\desktop\parsechoices\parsefiles\project\finalparser\finalparser\debug\finalparser.vcxproj.generateresource.cache
c:\users\valdes\desktop\parsechoices\parsefiles\project\finalparser\finalparser\debug\finalparser.vcxprojresolveassemblyreference.cache
c:\users\valdes\desktop\parsechoices\parsefiles\project\finalparser\finalparser\debug\finalparser.tlog\cl.command.1.tlog
c:\users\valdes\desktop\parsechoices\parsefiles\project\finalparser\finalparser\debug\finalparser.tlog\cl.read.1.tlog
c:\users\valdes\desktop\parsechoices\parsefiles\project\finalparser\finalparser\debug\finalparser.tlog\cl.write.1.tlog
c:\users\valdes\desktop\parsechoices\parsefiles\project\finalparser\finalparser\debug\finalparser.tlog\finalparser.write.1u.tlog
c:\users\valdes\desktop\parsechoices\parsefiles\project\finalparser\finalparser\debug\finalparser.tlog\link.command.1.tlog
c:\users\valdes\desktop\parsechoices\parsefiles\project\finalparser\finalparser\debug\finalparser.tlog\link.read.1.tlog
c:\users\valdes\desktop\parsechoices\parsefiles\project\finalparser\finalparser\debug\finalparser.tlog\link.write.1.tlog
c:\users\valdes\desktop\parsechoices\parsefiles\project\finalparser\finalparser\debug\finalparser.tlog\metagen.read.1.tlog
c:\users\valdes\desktop\parsechoices\parsefiles\project\finalparser\finalparser\debug\finalparser.tlog\metagen.write.1.tlog
c:\users\valdes\desktop\parsechoices\parsefiles\project\finalparser\finalparser\debug\finalparser.tlog\rc.command.1.tlog
c:\users\valdes\desktop\parsechoices\parsefiles\project\finalparser\finalparser\debug\finalparser.tlog\rc.read.1.tlog
c:\users\valdes\desktop\parsechoices\parsefiles\project\finalparser\finalparser\debug\finalparser.tlog\rc.write.1.tlog
c:\users\valdes\desktop\parsechoices\parsefiles\project\finalparser\finalparser\debug\finalparser.tlog\tzres.dll.bi
